<?xml version="1.0" encoding="UTF-8"?>
<!-- Generated by org.testng.reporters.JUnitReportReporter -->
<testsuite hostname="DESKTOP-F396GN6" failures="0" tests="1" name="Cofee_TestCases.TC02_Cofee" time="3.441" errors="0" timestamp="2023-08-14T13:07:59 IST" skipped="0">
  <testcase classname="Cofee_TestCases.TC02_Cofee" name="ExtraCupPopUp" time="3.441"/>
  <system-out/>
</testsuite> <!-- Cofee_TestCases.TC02_Cofee -->
