<?xml version="1.0" encoding="UTF-8"?>
<!-- Generated by org.testng.reporters.JUnitReportReporter -->
<testsuite hostname="DESKTOP-F396GN6" failures="0" tests="1" name="Cofee_TestCases.TC03_Cofee" time="0.564" errors="0" timestamp="2023-08-14T13:07:59 IST" skipped="0">
  <testcase classname="Cofee_TestCases.TC03_Cofee" name="Get_Extra_Cup_Second_Popup" time="0.564"/>
  <system-out/>
</testsuite> <!-- Cofee_TestCases.TC03_Cofee -->
