<?xml version="1.0" encoding="UTF-8"?>
<!-- Generated by org.testng.reporters.JUnitReportReporter -->
<testsuite hostname="DESKTOP-F396GN6" failures="0" tests="1" name="Cofee_TestCases.TC01_Cofee" time="3.258" errors="0" timestamp="2023-08-07T09:11:52 IST" skipped="0">
  <testcase classname="Cofee_TestCases.TC01_Cofee" name="Add_Cup_intocart" time="3.258"/>
  <system-out/>
</testsuite> <!-- Cofee_TestCases.TC01_Cofee -->
