<?xml version="1.0" encoding="UTF-8"?>
<!-- Generated by org.testng.reporters.JUnitReportReporter -->
<testsuite hostname="DESKTOP-F396GN6" failures="0" tests="1" name="Cofee_TestCases.TC02_Cofee" time="0.003" errors="0" timestamp="2023-08-04T01:58:55 IST" skipped="0">
  <testcase classname="Cofee_TestCases.TC02_Cofee" name="ExtraCupPopUp" time="0.003"/>
  <system-out/>
</testsuite> <!-- Cofee_TestCases.TC02_Cofee -->
