<?xml version="1.0" encoding="UTF-8"?>
<!-- Generated by org.testng.reporters.JUnitReportReporter -->
<testsuite hostname="DESKTOP-F396GN6" failures="0" tests="3" name="Cofee_TestCases.TC01_Cofee" time="12.109" errors="0" timestamp="2023-08-15T15:36:20 IST" skipped="0">
  <testcase classname="Cofee_TestCases.TC01_Cofee" name="Add_Cup_intocart" time="5.266"/>
  <system-out/>
  <testcase classname="Cofee_TestCases.TC01_Cofee" name="ExtraCupPopUp" time="3.432"/>
  <system-out/>
  <testcase classname="Cofee_TestCases.TC01_Cofee" name="Get_Extra_Cup_Second_Popup" time="3.411"/>
  <system-out/>
</testsuite> <!-- Cofee_TestCases.TC01_Cofee -->
