<?xml version="1.0" encoding="UTF-8"?>
<!-- Generated by org.testng.reporters.JUnitReportReporter -->
<testsuite hostname="DESKTOP-F396GN6" failures="0" tests="1" name="Cofee_TestCases.TC02" time="0.000" errors="0" timestamp="2023-08-03T11:48:39 IST" skipped="0">
  <testcase classname="Cofee_TestCases.TC02" name="ExtraCupPopUp" time="0.000"/>
  <system-out/>
</testsuite> <!-- Cofee_TestCases.TC02 -->
